<?xml version="1.0" encoding="UTF-8"?>
<!-- Generated by org.testng.reporters.JUnitReportReporter -->
<testsuite hostname="Bintus-MacBook-Pro.local" failures="0" tests="27" name="runner.TestRunner" time="137.743" errors="0" timestamp="2023-01-16T01:10:38 GMT" skipped="0">
  <testcase classname="runner.TestRunner" name="runScenario" time="3.512"/>
  <system-out/>
  <testcase classname="runner.TestRunner" name="runScenario" time="12.899"/>
  <system-out/>
  <testcase classname="runner.TestRunner" name="runScenario" time="0.836"/>
  <system-out/>
  <testcase classname="runner.TestRunner" name="runScenario" time="34.327"/>
  <system-out/>
  <testcase classname="runner.TestRunner" name="runScenario" time="0.745"/>
  <system-out/>
  <testcase classname="runner.TestRunner" name="runScenario" time="3.371"/>
  <system-out/>
  <testcase classname="runner.TestRunner" name="runScenario" time="4.413"/>
  <system-out/>
  <testcase classname="runner.TestRunner" name="runScenario" time="0.782"/>
  <system-out/>
  <testcase classname="runner.TestRunner" name="runScenario" time="1.092"/>
  <system-out/>
  <testcase classname="runner.TestRunner" name="runScenario" time="0.916"/>
  <system-out/>
  <testcase classname="runner.TestRunner" name="runScenario" time="4.851"/>
  <system-out/>
  <testcase classname="runner.TestRunner" name="runScenario" time="33.231"/>
  <system-out/>
  <testcase classname="runner.TestRunner" name="runScenario" time="3.247"/>
  <system-out/>
  <testcase classname="runner.TestRunner" name="runScenario" time="3.298"/>
  <system-out/>
  <testcase classname="runner.TestRunner" name="runScenario" time="3.645"/>
  <system-out/>
  <testcase classname="runner.TestRunner" name="runScenario" time="0.705"/>
  <system-out/>
  <testcase classname="runner.TestRunner" name="runScenario" time="0.905"/>
  <system-out/>
  <testcase classname="runner.TestRunner" name="runScenario" time="1.084"/>
  <system-out/>
  <testcase classname="runner.TestRunner" name="runScenario" time="3.240"/>
  <system-out/>
  <testcase classname="runner.TestRunner" name="runScenario" time="3.179"/>
  <system-out/>
  <testcase classname="runner.TestRunner" name="runScenario" time="1.222"/>
  <system-out/>
  <testcase classname="runner.TestRunner" name="runScenario" time="0.821"/>
  <system-out/>
  <testcase classname="runner.TestRunner" name="runScenario" time="4.251"/>
  <system-out/>
  <testcase classname="runner.TestRunner" name="runScenario" time="3.145"/>
  <system-out/>
  <testcase classname="runner.TestRunner" name="runScenario" time="3.074"/>
  <system-out/>
  <testcase classname="runner.TestRunner" name="runScenario" time="0.881"/>
  <system-out/>
  <testcase classname="runner.TestRunner" name="runScenario" time="4.071"/>
  <system-out/>
</testsuite> <!-- runner.TestRunner -->
